<?xml version="1.0" encoding="UTF-8"?>
<!-- Generated by org.testng.reporters.JUnitReportReporter -->
<testsuite hostname="GDNNB188" name="lesson05.WebTest" tests="5" failures="0" timestamp="14 Apr 2017 13:53:00 GMT" time="0.011" errors="0">
  <testcase name="testServer" time="0.001" classname="lesson05.WebTest"/>
  <testcase name="testServer" time="0.001" classname="lesson05.WebTest"/>
  <testcase name="testServer" time="0.001" classname="lesson05.WebTest"/>
  <testcase name="testServer" time="0.001" classname="lesson05.WebTest"/>
  <testcase name="testServer" time="0.007" classname="lesson05.WebTest"/>
</testsuite> <!-- lesson05.WebTest -->
